Apache Maven 3.2.1 (ea8b2b07643dbb1b84b6d16e1f08391b666bc1e9; 2014-02-14T12:37:52-05:00)
Maven home: /usr/share/maven3
Java version: 1.8.0_45, vendor: Oracle Corporation
Java home: /usr/lib/jvm/java-8-oracle/jre
Default locale: en_US, platform encoding: UTF-8
OS name: "linux", version: "3.19.0-21-generic", arch: "amd64", family: "unix"
[INFO] Error stacktraces are turned on.
[DEBUG] Reading global settings from /usr/share/maven3/conf/settings.xml
[DEBUG] Reading user settings from /home/packruler/.m2/settings.xml
[DEBUG] Using local repository at /home/packruler/.m2/repository
[DEBUG] Using manager EnhancedLocalRepositoryManager with priority 10.0 for /home/packruler/.m2/repository
[INFO] Scanning for projects...
[DEBUG] Dependency collection stats: {ConflictMarker.analyzeTime=1, ConflictMarker.markTime=1, ConflictMarker.nodeCount=222, ConflictIdSorter.graphTime=0, ConflictIdSorter.topsortTime=0, ConflictIdSorter.conflictIdCount=70, ConflictIdSorter.conflictIdCycleCount=0, ConflictResolver.totalTime=5, ConflictResolver.conflictItemCount=153, DefaultDependencyCollector.collectTime=230, DefaultDependencyCollector.transformTime=9}
[DEBUG] com.jayway.maven.plugins.android.generation2:android-maven-plugin:jar:3.9.0-rc.2:
[DEBUG]    com.android.tools:common:jar:22.4.2:compile
[DEBUG]       com.google.guava:guava:jar:13.0.1:compile
[DEBUG]    com.android.tools:dvlib:jar:22.4.2:compile
[DEBUG]    com.android.tools:sdk-common:jar:22.4.2:compile
[DEBUG]    com.android.tools:sdklib:jar:22.4.2:compile
[DEBUG]       org.apache.httpcomponents:httpclient:jar:4.1.1:compile
[DEBUG]          org.apache.httpcomponents:httpcore:jar:4.1:compile
[DEBUG]          commons-logging:commons-logging:jar:1.1.1:compile
[DEBUG]          commons-codec:commons-codec:jar:1.4:compile
[DEBUG]       org.apache.httpcomponents:httpmime:jar:4.1:compile
[DEBUG]       org.apache.commons:commons-compress:jar:1.0:compile
[DEBUG]    com.android.tools.build:builder:jar:0.7.3:compile
[DEBUG]       com.android.tools.build:builder-model:jar:0.7.3:compile
[DEBUG]       com.squareup:javawriter:jar:2.2.1:compile
[DEBUG]       com.android.tools.build:builder-test-api:jar:0.7.3:compile
[DEBUG]       org.bouncycastle:bcpkix-jdk15on:jar:1.48:compile
[DEBUG]          org.bouncycastle:bcprov-jdk15on:jar:1.48:compile
[DEBUG]    com.android.tools.build:manifest-merger:jar:22.4.2:compile
[DEBUG]       net.sf.kxml:kxml2:jar:2.3.0:compile
[DEBUG]    com.android.tools.ddms:ddmlib:jar:22.4.2:compile
[DEBUG]    com.android.tools.layoutlib:layoutlib-api:jar:22.4.2:compile
[DEBUG]    com.android.tools.lint:lint:jar:22.4.2:compile
[DEBUG]    com.android.tools.lint:lint-api:jar:22.4.2:compile
[DEBUG]       com.android.tools.external.lombok:lombok-ast:jar:0.2.1:compile
[DEBUG]       org.ow2.asm:asm-tree:jar:4.0:compile
[DEBUG]    com.android.tools.lint:lint-checks:jar:22.4.2:compile
[DEBUG]       org.ow2.asm:asm-analysis:jar:4.0:compile
[DEBUG]    org.apache.maven:maven-artifact:jar:3.0.5:compile
[DEBUG]    org.apache.maven:maven-compat:jar:3.0.5:compile
[DEBUG]       org.apache.maven:maven-model:jar:3.0.5:compile
[DEBUG]       org.apache.maven:maven-model-builder:jar:3.0.5:compile
[DEBUG]       org.apache.maven:maven-settings:jar:3.0.5:compile
[DEBUG]       org.codehaus.plexus:plexus-interpolation:jar:1.14:compile
[DEBUG]       org.sonatype.sisu:sisu-inject-plexus:jar:2.3.0:compile
[DEBUG]          org.sonatype.sisu:sisu-inject-bean:jar:2.3.0:compile
[DEBUG]             org.sonatype.sisu:sisu-guice:jar:no_aop:3.1.0:compile
[DEBUG]                org.sonatype.sisu:sisu-guava:jar:0.9.9:compile
[DEBUG]       org.codehaus.plexus:plexus-component-annotations:jar:1.5.5:compile
[DEBUG]       org.apache.maven.wagon:wagon-provider-api:jar:2.4:compile
[DEBUG]    org.apache.maven:maven-core:jar:3.0.5:compile
[DEBUG]       org.apache.maven:maven-settings-builder:jar:3.0.5:compile
[DEBUG]       org.apache.maven:maven-repository-metadata:jar:3.0.5:compile
[DEBUG]       org.apache.maven:maven-plugin-api:jar:3.0.5:compile
[DEBUG]       org.apache.maven:maven-aether-provider:jar:3.0.5:compile
[DEBUG]          org.sonatype.aether:aether-spi:jar:1.13.1:compile
[DEBUG]       org.sonatype.aether:aether-impl:jar:1.13.1:compile
[DEBUG]       org.sonatype.aether:aether-api:jar:1.13.1:compile
[DEBUG]       org.sonatype.aether:aether-util:jar:1.13.1:compile
[DEBUG]       org.codehaus.plexus:plexus-classworlds:jar:2.4:compile
[DEBUG]       org.sonatype.plexus:plexus-sec-dispatcher:jar:1.3:compile
[DEBUG]          org.sonatype.plexus:plexus-cipher:jar:1.4:compile
[DEBUG]    org.apache.maven:maven-archiver:jar:2.5:compile
[DEBUG]    emma:emma:jar:2.0.5312:compile
[DEBUG]    org.codehaus.plexus:plexus-archiver:jar:2.3:compile
[DEBUG]       org.codehaus.plexus:plexus-container-default:jar:1.0-alpha-9-stable-1:compile
[DEBUG]          junit:junit:jar:4.11:compile
[DEBUG]             org.hamcrest:hamcrest-core:jar:1.3:compile
[DEBUG]          classworlds:classworlds:jar:1.1-alpha-2:compile
[DEBUG]       org.codehaus.plexus:plexus-io:jar:2.0.6:compile
[DEBUG]    org.codehaus.plexus:plexus-utils:jar:3.0.15:compile
[DEBUG]    commons-jxpath:commons-jxpath:jar:1.3:compile
[DEBUG]    commons-io:commons-io:jar:2.4:compile
[DEBUG]    org.ow2.asm:asm:jar:4.1:compile
[DEBUG]    commons-lang:commons-lang:jar:2.6:compile
[DEBUG]    com.github.rtyley:android-screenshot-paparazzo:jar:1.9:compile
[DEBUG]       com.madgag:animated-gif-lib:jar:1.0:compile
[DEBUG]    com.github.rtyley:android-screenshot-celebrity:jar:1.9:compile
[DEBUG]    com.simpligility.org.apache.maven.shared:maven-dependency-tree:jar:2.2-RC.1:compile
[DEBUG]       org.eclipse.aether:aether-util:jar:0.9.0.M2:compile
[DEBUG] Created new class realm maven.api
[DEBUG] Importing foreign packages into class realm maven.api
[DEBUG]   Imported: org.apache.maven.cli < plexus.core
[DEBUG]   Imported: org.eclipse.aether.internal.impl < plexus.core
[DEBUG]   Imported: org.codehaus.plexus.lifecycle < plexus.core
[DEBUG]   Imported: org.apache.maven.lifecycle < plexus.core
[DEBUG]   Imported: org.apache.maven.repository < plexus.core
[DEBUG]   Imported: org.codehaus.plexus.personality < plexus.core
[DEBUG]   Imported: org.apache.maven.usability < plexus.core
[DEBUG]   Imported: org.codehaus.plexus.configuration < plexus.core
[DEBUG]   Imported: javax.enterprise.inject.* < plexus.core
[DEBUG]   Imported: org.apache.maven.* < plexus.core
[DEBUG]   Imported: org.apache.maven.project < plexus.core
[DEBUG]   Imported: org.apache.maven.exception < plexus.core
[DEBUG]   Imported: org.eclipse.aether.spi < plexus.core
[DEBUG]   Imported: org.apache.maven.plugin < plexus.core
[DEBUG]   Imported: org.eclipse.aether.collection < plexus.core
[DEBUG]   Imported: org.codehaus.plexus.* < plexus.core
[DEBUG]   Imported: org.codehaus.plexus.logging < plexus.core
[DEBUG]   Imported: org.apache.maven.profiles < plexus.core
[DEBUG]   Imported: org.eclipse.aether.transfer < plexus.core
[DEBUG]   Imported: org.codehaus.plexus.util.xml.pull.XmlPullParserException < plexus.core
[DEBUG]   Imported: org.apache.maven.execution.scope < plexus.core
[DEBUG]   Imported: org.apache.maven.wagon.* < plexus.core
[DEBUG]   Imported: org.apache.maven.rtinfo < plexus.core
[DEBUG]   Imported: org.eclipse.aether.impl < plexus.core
[DEBUG]   Imported: org.apache.maven.monitor < plexus.core
[DEBUG]   Imported: org.eclipse.aether.graph < plexus.core
[DEBUG]   Imported: org.eclipse.aether.metadata < plexus.core
[DEBUG]   Imported: org.codehaus.plexus.context < plexus.core
[DEBUG]   Imported: org.apache.maven.wagon.observers < plexus.core
[DEBUG]   Imported: org.apache.maven.wagon.resource < plexus.core
[DEBUG]   Imported: javax.inject.* < plexus.core
[DEBUG]   Imported: org.apache.maven.model < plexus.core
[DEBUG]   Imported: org.codehaus.plexus.util.xml.Xpp3Dom < plexus.core
[DEBUG]   Imported: org.eclipse.aether.deployment < plexus.core
[DEBUG]   Imported: org.apache.maven.artifact < plexus.core
[DEBUG]   Imported: org.apache.maven.toolchain < plexus.core
[DEBUG]   Imported: org.eclipse.aether.resolution < plexus.core
[DEBUG]   Imported: org.codehaus.plexus.util.xml.pull.XmlSerializer < plexus.core
[DEBUG]   Imported: org.apache.maven.settings < plexus.core
[DEBUG]   Imported: org.apache.maven.wagon.authorization < plexus.core
[DEBUG]   Imported: org.apache.maven.wagon.events < plexus.core
[DEBUG]   Imported: org.apache.maven.wagon.authentication < plexus.core
[DEBUG]   Imported: org.apache.maven.reporting < plexus.core
[DEBUG]   Imported: org.eclipse.aether.repository < plexus.core
[DEBUG]   Imported: org.slf4j.* < plexus.core
[DEBUG]   Imported: org.apache.maven.wagon.repository < plexus.core
[DEBUG]   Imported: org.apache.maven.configuration < plexus.core
[DEBUG]   Imported: org.codehaus.plexus.classworlds < plexus.core
[DEBUG]   Imported: org.codehaus.classworlds < plexus.core
[DEBUG]   Imported: org.codehaus.plexus.util.xml.pull.XmlPullParser < plexus.core
[DEBUG]   Imported: org.apache.maven.classrealm < plexus.core
[DEBUG]   Imported: org.eclipse.aether.* < plexus.core
[DEBUG]   Imported: org.eclipse.aether.artifact < plexus.core
[DEBUG]   Imported: org.apache.maven.execution < plexus.core
[DEBUG]   Imported: org.apache.maven.wagon.proxy < plexus.core
[DEBUG]   Imported: org.codehaus.plexus.container < plexus.core
[DEBUG]   Imported: org.eclipse.aether.version < plexus.core
[DEBUG]   Imported: org.eclipse.aether.installation < plexus.core
[DEBUG]   Imported: org.codehaus.plexus.component < plexus.core
[DEBUG] Populating class realm maven.api
[DEBUG] Created new class realm extension>com.jayway.maven.plugins.android.generation2:android-maven-plugin:3.9.0-rc.2
[DEBUG] Importing foreign packages into class realm extension>com.jayway.maven.plugins.android.generation2:android-maven-plugin:3.9.0-rc.2
[DEBUG]   Imported:  < maven.api
[DEBUG] Populating class realm extension>com.jayway.maven.plugins.android.generation2:android-maven-plugin:3.9.0-rc.2
[DEBUG]   Included: com.jayway.maven.plugins.android.generation2:android-maven-plugin:jar:3.9.0-rc.2
[DEBUG]   Included: com.android.tools:common:jar:22.4.2
[DEBUG]   Included: com.google.guava:guava:jar:13.0.1
[DEBUG]   Included: com.android.tools:dvlib:jar:22.4.2
[DEBUG]   Included: com.android.tools:sdk-common:jar:22.4.2
[DEBUG]   Included: com.android.tools:sdklib:jar:22.4.2
[DEBUG]   Included: org.apache.httpcomponents:httpclient:jar:4.1.1
[DEBUG]   Included: org.apache.httpcomponents:httpcore:jar:4.1
[DEBUG]   Included: commons-logging:commons-logging:jar:1.1.1
[DEBUG]   Included: commons-codec:commons-codec:jar:1.4
[DEBUG]   Included: org.apache.httpcomponents:httpmime:jar:4.1
[DEBUG]   Included: org.apache.commons:commons-compress:jar:1.0
[DEBUG]   Included: com.android.tools.build:builder:jar:0.7.3
[DEBUG]   Included: com.android.tools.build:builder-model:jar:0.7.3
[DEBUG]   Included: com.squareup:javawriter:jar:2.2.1
[DEBUG]   Included: com.android.tools.build:builder-test-api:jar:0.7.3
[DEBUG]   Included: org.bouncycastle:bcpkix-jdk15on:jar:1.48
[DEBUG]   Included: org.bouncycastle:bcprov-jdk15on:jar:1.48
[DEBUG]   Included: com.android.tools.build:manifest-merger:jar:22.4.2
[DEBUG]   Included: net.sf.kxml:kxml2:jar:2.3.0
[DEBUG]   Included: com.android.tools.ddms:ddmlib:jar:22.4.2
[DEBUG]   Included: com.android.tools.layoutlib:layoutlib-api:jar:22.4.2
[DEBUG]   Included: com.android.tools.lint:lint:jar:22.4.2
[DEBUG]   Included: com.android.tools.lint:lint-api:jar:22.4.2
[DEBUG]   Included: com.android.tools.external.lombok:lombok-ast:jar:0.2.1
[DEBUG]   Included: org.ow2.asm:asm-tree:jar:4.0
[DEBUG]   Included: com.android.tools.lint:lint-checks:jar:22.4.2
[DEBUG]   Included: org.ow2.asm:asm-analysis:jar:4.0
[DEBUG]   Included: org.codehaus.plexus:plexus-interpolation:jar:1.14
[DEBUG]   Included: org.sonatype.sisu:sisu-inject-bean:jar:2.3.0
[DEBUG]   Included: org.sonatype.sisu:sisu-guice:jar:no_aop:3.1.0
[DEBUG]   Included: org.sonatype.sisu:sisu-guava:jar:0.9.9
[DEBUG]   Included: org.codehaus.plexus:plexus-component-annotations:jar:1.5.5
[DEBUG]   Included: org.sonatype.aether:aether-util:jar:1.13.1
[DEBUG]   Included: org.sonatype.plexus:plexus-sec-dispatcher:jar:1.3
[DEBUG]   Included: org.sonatype.plexus:plexus-cipher:jar:1.4
[DEBUG]   Included: org.apache.maven:maven-archiver:jar:2.5
[DEBUG]   Included: emma:emma:jar:2.0.5312
[DEBUG]   Included: org.codehaus.plexus:plexus-archiver:jar:2.3
[DEBUG]   Included: junit:junit:jar:4.11
[DEBUG]   Included: org.hamcrest:hamcrest-core:jar:1.3
[DEBUG]   Included: org.codehaus.plexus:plexus-io:jar:2.0.6
[DEBUG]   Included: org.codehaus.plexus:plexus-utils:jar:3.0.15
[DEBUG]   Included: commons-jxpath:commons-jxpath:jar:1.3
[DEBUG]   Included: commons-io:commons-io:jar:2.4
[DEBUG]   Included: org.ow2.asm:asm:jar:4.1
[DEBUG]   Included: commons-lang:commons-lang:jar:2.6
[DEBUG]   Included: com.github.rtyley:android-screenshot-paparazzo:jar:1.9
[DEBUG]   Included: com.madgag:animated-gif-lib:jar:1.0
[DEBUG]   Included: com.github.rtyley:android-screenshot-celebrity:jar:1.9
[DEBUG]   Included: com.simpligility.org.apache.maven.shared:maven-dependency-tree:jar:2.2-RC.1
[DEBUG]   Included: org.eclipse.aether:aether-util:jar:0.9.0.M2
[DEBUG] Extension realms for project com.packruler:com.packruler.bitmapcache:apk:0.9.0: [ClassRealm[extension>com.jayway.maven.plugins.android.generation2:android-maven-plugin:3.9.0-rc.2, parent: sun.misc.Launcher$AppClassLoader@14dad5dc]]
[DEBUG] Created new class realm project>com.packruler:com.packruler.bitmapcache:0.9.0
[DEBUG] Populating class realm project>com.packruler:com.packruler.bitmapcache:0.9.0
[DEBUG] Looking up lifecyle mappings for packaging apk from ClassRealm[project>com.packruler:com.packruler.bitmapcache:0.9.0, parent: ClassRealm[maven.api, parent: null]]
[DEBUG] 
[DEBUG] ClasspathModifierLifecycleParticipant#afterProjectsRead - start
[DEBUG] 
[DEBUG] CurrentProject=MavenProject: com.packruler:com.packruler.bitmapcache:0.9.0 @ /home/packruler/ZFS_Storage/Android/StudioProjects/BitmapCache/app/src/main/pom.xml
[DEBUG] 
[DEBUG] project=com.packruler:com.packruler.bitmapcache:apk:0.9.0
[DEBUG] building maven31 dependency graph for com.packruler:com.packruler.bitmapcache:apk:0.9.0 with Maven31DependencyGraphBuilder
[DEBUG] Dependency collection stats: {ConflictMarker.analyzeTime=0, ConflictMarker.markTime=0, ConflictMarker.nodeCount=2, ConflictIdSorter.graphTime=0, ConflictIdSorter.topsortTime=0, ConflictIdSorter.conflictIdCount=1, ConflictIdSorter.conflictIdCycleCount=0, ConflictResolver.totalTime=0, ConflictResolver.conflictItemCount=1, DefaultDependencyCollector.collectTime=3, DefaultDependencyCollector.transformTime=0}
[DEBUG] com.packruler:com.packruler.bitmapcache:apk:0.9.0
[DEBUG]    android:android:jar:5.1.1_r2:compile
[DEBUG] Found target. Collecting dependencies after com.packruler:com.packruler.bitmapcache:apk:0.9.0
[DEBUG] projects deps: : [android:android:jar:5.1.1_r2:compile]
[DEBUG] 
[DEBUG] ClasspathModifierLifecycleParticipant#afterProjectsRead - finish
[DEBUG] === REACTOR BUILD PLAN ================================================
[DEBUG] Project: com.packruler:com.packruler.bitmapcache:apk:0.9.0
[DEBUG] Tasks:   [compile]
[DEBUG] Style:   Regular
[DEBUG] =======================================================================
[INFO] 
[INFO] Using the builder org.apache.maven.lifecycle.internal.builder.singlethreaded.SingleThreadedBuilder with a thread count of 1
[INFO]                                                                         
[INFO] ------------------------------------------------------------------------
[INFO] Building com.packruler.bitmapcache 0.9.0
[INFO] ------------------------------------------------------------------------
[DEBUG] Resolving plugin version for org.apache.maven.plugins:maven-jar-plugin
[DEBUG] Could not find metadata org.apache.maven.plugins:maven-jar-plugin/maven-metadata.xml in local (/home/packruler/.m2/repository)
[DEBUG] Skipped remote update check for org.apache.maven.plugins:maven-jar-plugin/maven-metadata.xml, locally cached metadata up-to-date.
[DEBUG] Resolved plugin version for org.apache.maven.plugins:maven-jar-plugin to 2.6 from repository central (http://repo.maven.apache.org/maven2, releases)
[DEBUG] Resolving plugin version for org.apache.maven.plugins:maven-surefire-plugin
[DEBUG] Could not find metadata org.apache.maven.plugins:maven-surefire-plugin/maven-metadata.xml in local (/home/packruler/.m2/repository)
[DEBUG] Skipped remote update check for org.apache.maven.plugins:maven-surefire-plugin/maven-metadata.xml, locally cached metadata up-to-date.
[DEBUG] Resolved plugin version for org.apache.maven.plugins:maven-surefire-plugin to 2.18.1 from repository central (http://repo.maven.apache.org/maven2, releases)
[DEBUG] Resolving plugin version for org.apache.maven.plugins:maven-deploy-plugin
[DEBUG] Could not find metadata org.apache.maven.plugins:maven-deploy-plugin/maven-metadata.xml in local (/home/packruler/.m2/repository)
[DEBUG] Skipped remote update check for org.apache.maven.plugins:maven-deploy-plugin/maven-metadata.xml, locally cached metadata up-to-date.
[DEBUG] Resolved plugin version for org.apache.maven.plugins:maven-deploy-plugin to 2.8.2 from repository central (http://repo.maven.apache.org/maven2, releases)
[DEBUG] Resolving plugin version for org.apache.maven.plugins:maven-resources-plugin
[DEBUG] Could not find metadata org.apache.maven.plugins:maven-resources-plugin/maven-metadata.xml in local (/home/packruler/.m2/repository)
[DEBUG] Skipped remote update check for org.apache.maven.plugins:maven-resources-plugin/maven-metadata.xml, locally cached metadata up-to-date.
[DEBUG] Resolved plugin version for org.apache.maven.plugins:maven-resources-plugin to 2.7 from repository central (http://repo.maven.apache.org/maven2, releases)
[DEBUG] Resolving plugin version for org.apache.maven.plugins:maven-install-plugin
[DEBUG] Could not find metadata org.apache.maven.plugins:maven-install-plugin/maven-metadata.xml in local (/home/packruler/.m2/repository)
[DEBUG] Skipped remote update check for org.apache.maven.plugins:maven-install-plugin/maven-metadata.xml, locally cached metadata up-to-date.
[DEBUG] Resolved plugin version for org.apache.maven.plugins:maven-install-plugin to 2.5.2 from repository central (http://repo.maven.apache.org/maven2, releases)
[DEBUG] Lifecycle default -> [validate, initialize, generate-sources, process-sources, generate-resources, process-resources, compile, process-classes, generate-test-sources, process-test-sources, generate-test-resources, process-test-resources, test-compile, process-test-classes, test, prepare-package, package, pre-integration-test, integration-test, post-integration-test, verify, install, deploy]
[DEBUG] Lifecycle clean -> [pre-clean, clean, post-clean]
[DEBUG] Lifecycle site -> [pre-site, site, post-site, site-deploy]
[DEBUG] Lifecycle default -> [validate, initialize, generate-sources, process-sources, generate-resources, process-resources, compile, process-classes, generate-test-sources, process-test-sources, generate-test-resources, process-test-resources, test-compile, process-test-classes, test, prepare-package, package, pre-integration-test, integration-test, post-integration-test, verify, install, deploy]
[DEBUG] Lifecycle clean -> [pre-clean, clean, post-clean]
[DEBUG] Lifecycle site -> [pre-site, site, post-site, site-deploy]
[DEBUG] Lifecycle default -> [validate, initialize, generate-sources, process-sources, generate-resources, process-resources, compile, process-classes, generate-test-sources, process-test-sources, generate-test-resources, process-test-resources, test-compile, process-test-classes, test, prepare-package, package, pre-integration-test, integration-test, post-integration-test, verify, install, deploy]
[DEBUG] Lifecycle clean -> [pre-clean, clean, post-clean]
[DEBUG] Lifecycle site -> [pre-site, site, post-site, site-deploy]
[DEBUG] Lifecycle default -> [validate, initialize, generate-sources, process-sources, generate-resources, process-resources, compile, process-classes, generate-test-sources, process-test-sources, generate-test-resources, process-test-resources, test-compile, process-test-classes, test, prepare-package, package, pre-integration-test, integration-test, post-integration-test, verify, install, deploy]
[DEBUG] Lifecycle clean -> [pre-clean, clean, post-clean]
[DEBUG] Lifecycle site -> [pre-site, site, post-site, site-deploy]
[DEBUG] === PROJECT BUILD PLAN ================================================
[DEBUG] Project:       com.packruler:com.packruler.bitmapcache:0.9.0
[DEBUG] Dependencies (collect): []
[DEBUG] Dependencies (resolve): [compile]
[DEBUG] Repositories (dependencies): [central (http://repo.maven.apache.org/maven2, releases)]
[DEBUG] Repositories (plugins)     : [central (http://repo.maven.apache.org/maven2, releases)]
[DEBUG] -----------------------------------------------------------------------
[DEBUG] Goal:          com.jayway.maven.plugins.android.generation2:android-maven-plugin:3.9.0-rc.2:generate-sources (default-generate-sources)
[DEBUG] Style:         Regular
[DEBUG] Configuration: <?xml version="1.0" encoding="UTF-8"?>
<configuration>
  <aaptExtraArgs>${android.aaptExtraArgs}</aaptExtraArgs>
  <aaptVerbose>${android.aaptVerbose}</aaptVerbose>
  <adbConnectionTimeout default-value="5000">${android.adb.connectionTimeout}</adbConnectionTimeout>
  <aidlSourceDirectory default-value="${project.build.sourceDirectory}">${android.aidlSourceDirectory}</aidlSourceDirectory>
  <androidManifestFile default-value="${project.basedir}/AndroidManifest.xml">${android.manifestFile}</androidManifestFile>
  <assetsDirectory default-value="${project.basedir}/assets"/>
  <attachJar default-value="true">${android.attachJar}</attachJar>
  <attachSources default-value="false">${android.attachSources}</attachSources>
  <buildConfigConstants>${android.buildConfigConstants}</buildConfigConstants>
  <combinedAssets default-value="${project.build.directory}/generated-sources/combined-assets"/>
  <configurations>${android.configurations}</configurations>
  <customPackage>${android.customPackage}</customPackage>
  <device>${android.device}</device>
  <deviceThreads>${android.deviceThreads}</deviceThreads>
  <devices>${android.devices}</devices>
  <envAndroidHome default-value="${env.ANDROID_HOME}"/>
  <execution default-value="${mojoExecution}"/>
  <extractedDependenciesDirectory default-value="${project.build.directory}/generated-sources/extracted-dependencies"/>
  <extractedDependenciesJavaResources default-value="${project.build.directory}/generated-sources/extracted-dependencies/src/main/resources"/>
  <extractedDependenciesJavaSources default-value="${project.build.directory}/generated-sources/extracted-dependencies/src/main/java"/>
  <failOnConflictingLayouts default-value="true"/>
  <failOnDuplicatePackages default-value="true"/>
  <genDirectory default-value="${project.build.directory}/generated-sources/r">${android.genDirectory}</genDirectory>
  <genDirectoryAidl default-value="${project.build.directory}/generated-sources/aidl">${android.genDirectoryAidl}</genDirectoryAidl>
  <generateApk default-value="true">${android.generateApk}</generateApk>
  <ips>${android.ips}</ips>
  <mergeManifests default-value="false">${android.mergeManifests}</mergeManifests>
  <nativeLibrariesDirectory default-value="${project.basedir}/libs">${android.nativeLibrariesDirectory}</nativeLibrariesDirectory>
  <ndkPath>${android.ndk.path}</ndkPath>
  <proguardFile>${android.proguardFile}</proguardFile>
  <project default-value="${project}"/>
  <release default-value="false">${android.release}</release>
  <renameManifestPackage>${android.renameManifestPackage}</renameManifestPackage>
  <resourceDirectory default-value="${project.basedir}/res"/>
  <resourceOverlayDirectory default-value="${project.basedir}/res-overlay"/>
  <sdkPath>${android.sdk.path}</sdkPath>
  <sdkPlatform>${android.sdk.platform}</sdkPlatform>
  <session default-value="${session}"/>
  <sourceDirectory default-value="${project.build.sourceDirectory}"/>
  <sourceManifestFile>${source.manifestFile}</sourceManifestFile>
  <targetDirectory default-value="${project.build.directory}"/>
  <undeployBeforeDeploy default-value="false">true</undeployBeforeDeploy>
</configuration>
[DEBUG] -----------------------------------------------------------------------
[DEBUG] Goal:          org.apache.maven.plugins:maven-resources-plugin:2.7:resources (default-resources)
[DEBUG] Style:         Regular
[DEBUG] Configuration: <?xml version="1.0" encoding="UTF-8"?>
<configuration>
  <buildFilters default-value="${project.build.filters}"/>
  <encoding default-value="${project.build.sourceEncoding}">${encoding}</encoding>
  <escapeString>${maven.resources.escapeString}</escapeString>
  <escapeWindowsPaths default-value="true">${maven.resources.escapeWindowsPaths}</escapeWindowsPaths>
  <includeEmptyDirs default-value="false">${maven.resources.includeEmptyDirs}</includeEmptyDirs>
  <outputDirectory default-value="${project.build.outputDirectory}"/>
  <overwrite default-value="false">${maven.resources.overwrite}</overwrite>
  <project default-value="${project}"/>
  <resources default-value="${project.resources}"/>
  <session default-value="${session}"/>
  <supportMultiLineFiltering default-value="false">${maven.resources.supportMultiLineFiltering}</supportMultiLineFiltering>
  <useBuildFilters default-value="true"/>
  <useDefaultDelimiters default-value="true"/>
</configuration>
[DEBUG] -----------------------------------------------------------------------
[DEBUG] Goal:          org.apache.maven.plugins:maven-compiler-plugin:3.1:compile (default-compile)
[DEBUG] Style:         Regular
[DEBUG] Configuration: <?xml version="1.0" encoding="UTF-8"?>
<configuration>
  <basedir default-value="${basedir}"/>
  <buildDirectory default-value="${project.build.directory}"/>
  <classpathElements default-value="${project.compileClasspathElements}"/>
  <compileSourceRoots default-value="${project.compileSourceRoots}"/>
  <compilerId default-value="javac">${maven.compiler.compilerId}</compilerId>
  <compilerReuseStrategy default-value="${reuseCreated}">${maven.compiler.compilerReuseStrategy}</compilerReuseStrategy>
  <compilerVersion>${maven.compiler.compilerVersion}</compilerVersion>
  <debug default-value="true">${maven.compiler.debug}</debug>
  <debuglevel>${maven.compiler.debuglevel}</debuglevel>
  <encoding default-value="${project.build.sourceEncoding}">${encoding}</encoding>
  <executable>${maven.compiler.executable}</executable>
  <failOnError default-value="true">${maven.compiler.failOnError}</failOnError>
  <forceJavacCompilerUse default-value="false">${maven.compiler.forceJavacCompilerUse}</forceJavacCompilerUse>
  <fork default-value="false">${maven.compiler.fork}</fork>
  <generatedSourcesDirectory default-value="${project.build.directory}/generated-sources/annotations"/>
  <maxmem>${maven.compiler.maxmem}</maxmem>
  <meminitial>${maven.compiler.meminitial}</meminitial>
  <mojoExecution>${mojoExecution}</mojoExecution>
  <optimize default-value="false">${maven.compiler.optimize}</optimize>
  <outputDirectory default-value="${project.build.outputDirectory}"/>
  <projectArtifact default-value="${project.artifact}"/>
  <showDeprecation default-value="false">${maven.compiler.showDeprecation}</showDeprecation>
  <showWarnings default-value="false">${maven.compiler.showWarnings}</showWarnings>
  <skipMain>${maven.main.skip}</skipMain>
  <skipMultiThreadWarning default-value="false">${maven.compiler.skipMultiThreadWarning}</skipMultiThreadWarning>
  <source default-value="1.5">1.6</source>
  <staleMillis default-value="0">${lastModGranularityMs}</staleMillis>
  <target default-value="1.5">1.6</target>
  <useIncrementalCompilation default-value="true">${maven.compiler.useIncrementalCompilation}</useIncrementalCompilation>
  <verbose default-value="false">${maven.compiler.verbose}</verbose>
  <mavenSession default-value="${session}"/>
  <session default-value="${session}"/>
</configuration>
[DEBUG] =======================================================================
[DEBUG] Dependency collection stats: {ConflictMarker.analyzeTime=0, ConflictMarker.markTime=0, ConflictMarker.nodeCount=2, ConflictIdSorter.graphTime=0, ConflictIdSorter.topsortTime=0, ConflictIdSorter.conflictIdCount=1, ConflictIdSorter.conflictIdCycleCount=0, ConflictResolver.totalTime=0, ConflictResolver.conflictItemCount=1, DefaultDependencyCollector.collectTime=0, DefaultDependencyCollector.transformTime=0}
[DEBUG] com.packruler:com.packruler.bitmapcache:apk:0.9.0
[DEBUG]    android:android:jar:5.1.1_r2:compile
[INFO] 
[INFO] --- android-maven-plugin:3.9.0-rc.2:generate-sources (default-generate-sources) @ com.packruler.bitmapcache ---
[DEBUG] Dependency collection stats: {ConflictMarker.analyzeTime=0, ConflictMarker.markTime=0, ConflictMarker.nodeCount=222, ConflictIdSorter.graphTime=0, ConflictIdSorter.topsortTime=0, ConflictIdSorter.conflictIdCount=70, ConflictIdSorter.conflictIdCycleCount=0, ConflictResolver.totalTime=2, ConflictResolver.conflictItemCount=153, DefaultDependencyCollector.collectTime=44, DefaultDependencyCollector.transformTime=2}
[DEBUG] com.jayway.maven.plugins.android.generation2:android-maven-plugin:jar:3.9.0-rc.2:
[DEBUG]    com.android.tools:common:jar:22.4.2:compile
[DEBUG]       com.google.guava:guava:jar:13.0.1:compile
[DEBUG]    com.android.tools:dvlib:jar:22.4.2:compile
[DEBUG]    com.android.tools:sdk-common:jar:22.4.2:compile
[DEBUG]    com.android.tools:sdklib:jar:22.4.2:compile
[DEBUG]       org.apache.httpcomponents:httpclient:jar:4.1.1:compile
[DEBUG]          org.apache.httpcomponents:httpcore:jar:4.1:compile
[DEBUG]          commons-logging:commons-logging:jar:1.1.1:compile
[DEBUG]          commons-codec:commons-codec:jar:1.4:compile
[DEBUG]       org.apache.httpcomponents:httpmime:jar:4.1:compile
[DEBUG]       org.apache.commons:commons-compress:jar:1.0:compile
[DEBUG]    com.android.tools.build:builder:jar:0.7.3:compile
[DEBUG]       com.android.tools.build:builder-model:jar:0.7.3:compile
[DEBUG]       com.squareup:javawriter:jar:2.2.1:compile
[DEBUG]       com.android.tools.build:builder-test-api:jar:0.7.3:compile
[DEBUG]       org.bouncycastle:bcpkix-jdk15on:jar:1.48:compile
[DEBUG]          org.bouncycastle:bcprov-jdk15on:jar:1.48:compile
[DEBUG]    com.android.tools.build:manifest-merger:jar:22.4.2:compile
[DEBUG]       net.sf.kxml:kxml2:jar:2.3.0:compile
[DEBUG]    com.android.tools.ddms:ddmlib:jar:22.4.2:compile
[DEBUG]    com.android.tools.layoutlib:layoutlib-api:jar:22.4.2:compile
[DEBUG]    com.android.tools.lint:lint:jar:22.4.2:compile
[DEBUG]    com.android.tools.lint:lint-api:jar:22.4.2:compile
[DEBUG]       com.android.tools.external.lombok:lombok-ast:jar:0.2.1:compile
[DEBUG]       org.ow2.asm:asm-tree:jar:4.0:compile
[DEBUG]    com.android.tools.lint:lint-checks:jar:22.4.2:compile
[DEBUG]       org.ow2.asm:asm-analysis:jar:4.0:compile
[DEBUG]    org.apache.maven:maven-artifact:jar:3.0.5:compile
[DEBUG]    org.apache.maven:maven-compat:jar:3.0.5:compile
[DEBUG]       org.apache.maven:maven-model:jar:3.0.5:compile
[DEBUG]       org.apache.maven:maven-model-builder:jar:3.0.5:compile
[DEBUG]       org.apache.maven:maven-settings:jar:3.0.5:compile
[DEBUG]       org.codehaus.plexus:plexus-interpolation:jar:1.14:compile
[DEBUG]       org.sonatype.sisu:sisu-inject-plexus:jar:2.3.0:compile
[DEBUG]          org.sonatype.sisu:sisu-inject-bean:jar:2.3.0:compile
[DEBUG]             org.sonatype.sisu:sisu-guice:jar:no_aop:3.1.0:compile
[DEBUG]                org.sonatype.sisu:sisu-guava:jar:0.9.9:compile
[DEBUG]       org.codehaus.plexus:plexus-component-annotations:jar:1.5.5:compile
[DEBUG]       org.apache.maven.wagon:wagon-provider-api:jar:2.4:compile
[DEBUG]    org.apache.maven:maven-core:jar:3.0.5:compile
[DEBUG]       org.apache.maven:maven-settings-builder:jar:3.0.5:compile
[DEBUG]       org.apache.maven:maven-repository-metadata:jar:3.0.5:compile
[DEBUG]       org.apache.maven:maven-plugin-api:jar:3.0.5:compile
[DEBUG]       org.apache.maven:maven-aether-provider:jar:3.0.5:compile
[DEBUG]          org.sonatype.aether:aether-spi:jar:1.13.1:compile
[DEBUG]       org.sonatype.aether:aether-impl:jar:1.13.1:compile
[DEBUG]       org.sonatype.aether:aether-api:jar:1.13.1:compile
[DEBUG]       org.sonatype.aether:aether-util:jar:1.13.1:compile
[DEBUG]       org.codehaus.plexus:plexus-classworlds:jar:2.4:compile
[DEBUG]       org.sonatype.plexus:plexus-sec-dispatcher:jar:1.3:compile
[DEBUG]          org.sonatype.plexus:plexus-cipher:jar:1.4:compile
[DEBUG]    org.apache.maven:maven-archiver:jar:2.5:compile
[DEBUG]    emma:emma:jar:2.0.5312:compile
[DEBUG]    org.codehaus.plexus:plexus-archiver:jar:2.3:compile
[DEBUG]       org.codehaus.plexus:plexus-container-default:jar:1.0-alpha-9-stable-1:compile
[DEBUG]          junit:junit:jar:4.11:compile
[DEBUG]             org.hamcrest:hamcrest-core:jar:1.3:compile
[DEBUG]          classworlds:classworlds:jar:1.1-alpha-2:compile
[DEBUG]       org.codehaus.plexus:plexus-io:jar:2.0.6:compile
[DEBUG]    org.codehaus.plexus:plexus-utils:jar:3.0.15:compile
[DEBUG]    commons-jxpath:commons-jxpath:jar:1.3:compile
[DEBUG]    commons-io:commons-io:jar:2.4:compile
[DEBUG]    org.ow2.asm:asm:jar:4.1:compile
[DEBUG]    commons-lang:commons-lang:jar:2.6:compile
[DEBUG]    com.github.rtyley:android-screenshot-paparazzo:jar:1.9:compile
[DEBUG]       com.madgag:animated-gif-lib:jar:1.0:compile
[DEBUG]    com.github.rtyley:android-screenshot-celebrity:jar:1.9:compile
[DEBUG]    com.simpligility.org.apache.maven.shared:maven-dependency-tree:jar:2.2-RC.1:compile
[DEBUG]       org.eclipse.aether:aether-util:jar:0.9.0.M2:compile
[DEBUG] Created new class realm plugin>com.jayway.maven.plugins.android.generation2:android-maven-plugin:3.9.0-rc.2
[DEBUG] Importing foreign packages into class realm plugin>com.jayway.maven.plugins.android.generation2:android-maven-plugin:3.9.0-rc.2
[DEBUG]   Imported:  < project>com.packruler:com.packruler.bitmapcache:0.9.0
[DEBUG] Populating class realm plugin>com.jayway.maven.plugins.android.generation2:android-maven-plugin:3.9.0-rc.2
[DEBUG]   Included: com.jayway.maven.plugins.android.generation2:android-maven-plugin:jar:3.9.0-rc.2
[DEBUG]   Included: com.android.tools:common:jar:22.4.2
[DEBUG]   Included: com.google.guava:guava:jar:13.0.1
[DEBUG]   Included: com.android.tools:dvlib:jar:22.4.2
[DEBUG]   Included: com.android.tools:sdk-common:jar:22.4.2
[DEBUG]   Included: com.android.tools:sdklib:jar:22.4.2
[DEBUG]   Included: org.apache.httpcomponents:httpclient:jar:4.1.1
[DEBUG]   Included: org.apache.httpcomponents:httpcore:jar:4.1
[DEBUG]   Included: commons-logging:commons-logging:jar:1.1.1
[DEBUG]   Included: commons-codec:commons-codec:jar:1.4
[DEBUG]   Included: org.apache.httpcomponents:httpmime:jar:4.1
[DEBUG]   Included: org.apache.commons:commons-compress:jar:1.0
[DEBUG]   Included: com.android.tools.build:builder:jar:0.7.3
[DEBUG]   Included: com.android.tools.build:builder-model:jar:0.7.3
[DEBUG]   Included: com.squareup:javawriter:jar:2.2.1
[DEBUG]   Included: com.android.tools.build:builder-test-api:jar:0.7.3
[DEBUG]   Included: org.bouncycastle:bcpkix-jdk15on:jar:1.48
[DEBUG]   Included: org.bouncycastle:bcprov-jdk15on:jar:1.48
[DEBUG]   Included: com.android.tools.build:manifest-merger:jar:22.4.2
[DEBUG]   Included: net.sf.kxml:kxml2:jar:2.3.0
[DEBUG]   Included: com.android.tools.ddms:ddmlib:jar:22.4.2
[DEBUG]   Included: com.android.tools.layoutlib:layoutlib-api:jar:22.4.2
[DEBUG]   Included: com.android.tools.lint:lint:jar:22.4.2
[DEBUG]   Included: com.android.tools.lint:lint-api:jar:22.4.2
[DEBUG]   Included: com.android.tools.external.lombok:lombok-ast:jar:0.2.1
[DEBUG]   Included: org.ow2.asm:asm-tree:jar:4.0
[DEBUG]   Included: com.android.tools.lint:lint-checks:jar:22.4.2
[DEBUG]   Included: org.ow2.asm:asm-analysis:jar:4.0
[DEBUG]   Included: org.codehaus.plexus:plexus-interpolation:jar:1.14
[DEBUG]   Included: org.sonatype.sisu:sisu-inject-bean:jar:2.3.0
[DEBUG]   Included: org.sonatype.sisu:sisu-guice:jar:no_aop:3.1.0
[DEBUG]   Included: org.sonatype.sisu:sisu-guava:jar:0.9.9
[DEBUG]   Included: org.codehaus.plexus:plexus-component-annotations:jar:1.5.5
[DEBUG]   Included: org.sonatype.aether:aether-util:jar:1.13.1
[DEBUG]   Included: org.sonatype.plexus:plexus-sec-dispatcher:jar:1.3
[DEBUG]   Included: org.sonatype.plexus:plexus-cipher:jar:1.4
[DEBUG]   Included: org.apache.maven:maven-archiver:jar:2.5
[DEBUG]   Included: emma:emma:jar:2.0.5312
[DEBUG]   Included: org.codehaus.plexus:plexus-archiver:jar:2.3
[DEBUG]   Included: junit:junit:jar:4.11
[DEBUG]   Included: org.hamcrest:hamcrest-core:jar:1.3
[DEBUG]   Included: org.codehaus.plexus:plexus-io:jar:2.0.6
[DEBUG]   Included: org.codehaus.plexus:plexus-utils:jar:3.0.15
[DEBUG]   Included: commons-jxpath:commons-jxpath:jar:1.3
[DEBUG]   Included: commons-io:commons-io:jar:2.4
[DEBUG]   Included: org.ow2.asm:asm:jar:4.1
[DEBUG]   Included: commons-lang:commons-lang:jar:2.6
[DEBUG]   Included: com.github.rtyley:android-screenshot-paparazzo:jar:1.9
[DEBUG]   Included: com.madgag:animated-gif-lib:jar:1.0
[DEBUG]   Included: com.github.rtyley:android-screenshot-celebrity:jar:1.9
[DEBUG]   Included: com.simpligility.org.apache.maven.shared:maven-dependency-tree:jar:2.2-RC.1
[DEBUG]   Included: org.eclipse.aether:aether-util:jar:0.9.0.M2
[DEBUG]   Excluded: org.apache.maven:maven-artifact:jar:3.0.5
[DEBUG]   Excluded: org.apache.maven:maven-compat:jar:3.0.5
[DEBUG]   Excluded: org.apache.maven:maven-model:jar:3.0.5
[DEBUG]   Excluded: org.apache.maven:maven-model-builder:jar:3.0.5
[DEBUG]   Excluded: org.apache.maven:maven-settings:jar:3.0.5
[DEBUG]   Excluded: org.sonatype.sisu:sisu-inject-plexus:jar:2.3.0
[DEBUG]   Excluded: org.apache.maven.wagon:wagon-provider-api:jar:2.4
[DEBUG]   Excluded: org.apache.maven:maven-core:jar:3.0.5
[DEBUG]   Excluded: org.apache.maven:maven-settings-builder:jar:3.0.5
[DEBUG]   Excluded: org.apache.maven:maven-repository-metadata:jar:3.0.5
[DEBUG]   Excluded: org.apache.maven:maven-plugin-api:jar:3.0.5
[DEBUG]   Excluded: org.apache.maven:maven-aether-provider:jar:3.0.5
[DEBUG]   Excluded: org.sonatype.aether:aether-spi:jar:1.13.1
[DEBUG]   Excluded: org.sonatype.aether:aether-impl:jar:1.13.1
[DEBUG]   Excluded: org.sonatype.aether:aether-api:jar:1.13.1
[DEBUG]   Excluded: org.codehaus.plexus:plexus-classworlds:jar:2.4
[DEBUG]   Excluded: org.codehaus.plexus:plexus-container-default:jar:1.0-alpha-9-stable-1
[DEBUG]   Excluded: classworlds:classworlds:jar:1.1-alpha-2
[DEBUG] Configuring mojo com.jayway.maven.plugins.android.generation2:android-maven-plugin:3.9.0-rc.2:generate-sources from plugin realm ClassRealm[plugin>com.jayway.maven.plugins.android.generation2:android-maven-plugin:3.9.0-rc.2, parent: sun.misc.Launcher$AppClassLoader@14dad5dc]
[DEBUG] Configuring mojo 'com.jayway.maven.plugins.android.generation2:android-maven-plugin:3.9.0-rc.2:generate-sources' with basic configurator -->
[DEBUG]   (f) aaptExtraArgs = []
[DEBUG]   (f) adbConnectionTimeout = 5000
[DEBUG]   (f) aidlSourceDirectory = /home/packruler/ZFS_Storage/Android/StudioProjects/BitmapCache/app/src/main/src/main/java
[DEBUG]   (f) androidManifestFile = /home/packruler/ZFS_Storage/Android/StudioProjects/BitmapCache/app/src/main/AndroidManifest.xml
[DEBUG]   (f) assetsDirectory = /home/packruler/ZFS_Storage/Android/StudioProjects/BitmapCache/app/src/main/assets
[DEBUG]   (f) attachJar = true
[DEBUG]   (f) attachSources = false
[DEBUG]   (f) buildConfigConstants = []
[DEBUG]   (f) combinedAssets = /home/packruler/ZFS_Storage/Android/StudioProjects/BitmapCache/app/src/main/target/generated-sources/combined-assets
[DEBUG]   (f) devices = []
[DEBUG]   (f) envAndroidHome = /home/packruler/ZFS_Storage/Android/Sdk
[DEBUG]   (f) execution = com.jayway.maven.plugins.android.generation2:android-maven-plugin:3.9.0-rc.2:generate-sources {execution: default-generate-sources}
[DEBUG]   (f) extractedDependenciesDirectory = /home/packruler/ZFS_Storage/Android/StudioProjects/BitmapCache/app/src/main/target/generated-sources/extracted-dependencies
[DEBUG]   (f) extractedDependenciesJavaResources = /home/packruler/ZFS_Storage/Android/StudioProjects/BitmapCache/app/src/main/target/generated-sources/extracted-dependencies/src/main/resources
[DEBUG]   (f) extractedDependenciesJavaSources = /home/packruler/ZFS_Storage/Android/StudioProjects/BitmapCache/app/src/main/target/generated-sources/extracted-dependencies/src/main/java
[DEBUG]   (f) failOnConflictingLayouts = true
[DEBUG]   (f) failOnDuplicatePackages = true
[DEBUG]   (f) genDirectory = /home/packruler/ZFS_Storage/Android/StudioProjects/BitmapCache/app/src/main/target/generated-sources/r
[DEBUG]   (f) genDirectoryAidl = /home/packruler/ZFS_Storage/Android/StudioProjects/BitmapCache/app/src/main/target/generated-sources/aidl
[DEBUG]   (f) generateApk = true
[DEBUG]   (f) ips = []
[DEBUG]   (f) mergeManifests = false
[DEBUG]   (f) nativeLibrariesDirectory = /home/packruler/ZFS_Storage/Android/StudioProjects/BitmapCache/app/src/main/libs
[DEBUG]   (f) project = MavenProject: com.packruler:com.packruler.bitmapcache:0.9.0 @ /home/packruler/ZFS_Storage/Android/StudioProjects/BitmapCache/app/src/main/pom.xml
[DEBUG]   (f) release = false
[DEBUG]   (f) resourceDirectory = /home/packruler/ZFS_Storage/Android/StudioProjects/BitmapCache/app/src/main/res
[DEBUG]   (f) resourceOverlayDirectory = /home/packruler/ZFS_Storage/Android/StudioProjects/BitmapCache/app/src/main/res-overlay
[DEBUG]   (f) sdkPath = /home/packruler/ZFS_Storage/Android/Sdk
[DEBUG]   (f) session = org.apache.maven.execution.MavenSession@779dfe55
[DEBUG]   (f) sourceDirectory = /home/packruler/ZFS_Storage/Android/StudioProjects/BitmapCache/app/src/main/src/main/java
[DEBUG]   (f) targetDirectory = /home/packruler/ZFS_Storage/Android/StudioProjects/BitmapCache/app/src/main/target
[DEBUG]   (f) undeployBeforeDeploy = true
[DEBUG] -- end configuration --
[DEBUG] copyManifest: null -> /home/packruler/ZFS_Storage/Android/StudioProjects/BitmapCache/app/src/main/AndroidManifest.xml
[DEBUG] Manifest copying disabled. Using default manifest only
[INFO] Extracting libs
[DEBUG] Not extracting android...
[DEBUG] ANDROID-904-002: No aidl files found
[DEBUG] ANDROID-904-002: No aidl files found
[DEBUG] mergeManifests: false
[DEBUG] Manifest merging disabled. Using project manifest only
[DEBUG] checkConflictingLayouts - conflicts : []
[INFO] Generating R file for com.packruler:com.packruler.bitmapcache:apk:0.9.0
[DEBUG] Considering dep artifact : android:android:jar:5.1.1_r2:compile
[DEBUG] /home/packruler/ZFS_Storage/Android/Sdk/build-tools/23.0.0-preview/aapt [package, -m, -J, /home/packruler/ZFS_Storage/Android/StudioProjects/BitmapCache/app/src/main/target/generated-sources/r, -f, --no-crunch, -M, /home/packruler/ZFS_Storage/Android/StudioProjects/BitmapCache/app/src/main/AndroidManifest.xml, -S, /home/packruler/ZFS_Storage/Android/StudioProjects/BitmapCache/app/src/main/res, --auto-add-overlay, -I, /home/packruler/ZFS_Storage/Android/Sdk/platforms/android-19/android.jar, --output-text-symbols, /home/packruler/ZFS_Storage/Android/StudioProjects/BitmapCache/app/src/main/target]
[INFO] /home/packruler/ZFS_Storage/Android/StudioProjects/BitmapCache/app/src/main/res/values/styles.xml:4: error: Error retrieving parent for item: No resource found that matches the given name 'Theme.AppCompat.Light.DarkActionBar'.
[INFO] 
[DEBUG] ANDROID-040-000: Executed command: Commandline = /bin/sh -c cd /home/packruler/ZFS_Storage/Android/StudioProjects/BitmapCache/app/src/main && /home/packruler/ZFS_Storage/Android/Sdk/build-tools/23.0.0-preview/aapt package -m -J /home/packruler/ZFS_Storage/Android/StudioProjects/BitmapCache/app/src/main/target/generated-sources/r -f --no-crunch -M /home/packruler/ZFS_Storage/Android/StudioProjects/BitmapCache/app/src/main/AndroidManifest.xml -S /home/packruler/ZFS_Storage/Android/StudioProjects/BitmapCache/app/src/main/res --auto-add-overlay -I /home/packruler/ZFS_Storage/Android/Sdk/platforms/android-19/android.jar --output-text-symbols /home/packruler/ZFS_Storage/Android/StudioProjects/BitmapCache/app/src/main/target, Result = 1
[ERROR] Error when generating sources.
org.apache.maven.plugin.MojoExecutionException: 
	at com.jayway.maven.plugins.android.phase01generatesources.GenerateSourcesMojo.generateR(GenerateSourcesMojo.java:745)
	at com.jayway.maven.plugins.android.phase01generatesources.GenerateSourcesMojo.execute(GenerateSourcesMojo.java:278)
	at org.apache.maven.plugin.DefaultBuildPluginManager.executeMojo(DefaultBuildPluginManager.java:133)
	at org.apache.maven.lifecycle.internal.MojoExecutor.execute(MojoExecutor.java:208)
	at org.apache.maven.lifecycle.internal.MojoExecutor.execute(MojoExecutor.java:153)
	at org.apache.maven.lifecycle.internal.MojoExecutor.execute(MojoExecutor.java:145)
	at org.apache.maven.lifecycle.internal.LifecycleModuleBuilder.buildProject(LifecycleModuleBuilder.java:108)
	at org.apache.maven.lifecycle.internal.LifecycleModuleBuilder.buildProject(LifecycleModuleBuilder.java:76)
	at org.apache.maven.lifecycle.internal.builder.singlethreaded.SingleThreadedBuilder.build(SingleThreadedBuilder.java:51)
	at org.apache.maven.lifecycle.internal.LifecycleStarter.execute(LifecycleStarter.java:116)
	at org.apache.maven.DefaultMaven.doExecute(DefaultMaven.java:361)
	at org.apache.maven.DefaultMaven.execute(DefaultMaven.java:155)
	at org.apache.maven.cli.MavenCli.execute(MavenCli.java:584)
	at org.apache.maven.cli.MavenCli.doMain(MavenCli.java:213)
	at org.apache.maven.cli.MavenCli.main(MavenCli.java:157)
	at sun.reflect.NativeMethodAccessorImpl.invoke0(Native Method)
	at sun.reflect.NativeMethodAccessorImpl.invoke(NativeMethodAccessorImpl.java:62)
	at sun.reflect.DelegatingMethodAccessorImpl.invoke(DelegatingMethodAccessorImpl.java:43)
	at java.lang.reflect.Method.invoke(Method.java:497)
	at org.codehaus.plexus.classworlds.launcher.Launcher.launchEnhanced(Launcher.java:289)
	at org.codehaus.plexus.classworlds.launcher.Launcher.launch(Launcher.java:229)
	at org.codehaus.plexus.classworlds.launcher.Launcher.mainWithExitCode(Launcher.java:415)
	at org.codehaus.plexus.classworlds.launcher.Launcher.main(Launcher.java:356)
Caused by: com.jayway.maven.plugins.android.ExecutionException: ANDROID-040-001: Could not execute: Command = /bin/sh -c cd /home/packruler/ZFS_Storage/Android/StudioProjects/BitmapCache/app/src/main && /home/packruler/ZFS_Storage/Android/Sdk/build-tools/23.0.0-preview/aapt package -m -J /home/packruler/ZFS_Storage/Android/StudioProjects/BitmapCache/app/src/main/target/generated-sources/r -f --no-crunch -M /home/packruler/ZFS_Storage/Android/StudioProjects/BitmapCache/app/src/main/AndroidManifest.xml -S /home/packruler/ZFS_Storage/Android/StudioProjects/BitmapCache/app/src/main/res --auto-add-overlay -I /home/packruler/ZFS_Storage/Android/Sdk/platforms/android-19/android.jar --output-text-symbols /home/packruler/ZFS_Storage/Android/StudioProjects/BitmapCache/app/src/main/target, Result = 1
	at com.jayway.maven.plugins.android.CommandExecutor$Factory$DefaultCommandExecutor.executeCommand(CommandExecutor.java:252)
	at com.jayway.maven.plugins.android.phase01generatesources.GenerateSourcesMojo.generateR(GenerateSourcesMojo.java:741)
	... 22 more
[INFO] ------------------------------------------------------------------------
[INFO] BUILD FAILURE
[INFO] ------------------------------------------------------------------------
[INFO] Total time: 1.444 s
[INFO] Finished at: 2015-06-24T13:50:44-05:00
[INFO] Final Memory: 14M/310M
[INFO] ------------------------------------------------------------------------
[ERROR] Failed to execute goal com.jayway.maven.plugins.android.generation2:android-maven-plugin:3.9.0-rc.2:generate-sources (default-generate-sources) on project com.packruler.bitmapcache: MojoExecutionException: ANDROID-040-001: Could not execute: Command = /bin/sh -c cd /home/packruler/ZFS_Storage/Android/StudioProjects/BitmapCache/app/src/main && /home/packruler/ZFS_Storage/Android/Sdk/build-tools/23.0.0-preview/aapt package -m -J /home/packruler/ZFS_Storage/Android/StudioProjects/BitmapCache/app/src/main/target/generated-sources/r -f --no-crunch -M /home/packruler/ZFS_Storage/Android/StudioProjects/BitmapCache/app/src/main/AndroidManifest.xml -S /home/packruler/ZFS_Storage/Android/StudioProjects/BitmapCache/app/src/main/res --auto-add-overlay -I /home/packruler/ZFS_Storage/Android/Sdk/platforms/android-19/android.jar --output-text-symbols /home/packruler/ZFS_Storage/Android/StudioProjects/BitmapCache/app/src/main/target, Result = 1 -> [Help 1]
org.apache.maven.lifecycle.LifecycleExecutionException: Failed to execute goal com.jayway.maven.plugins.android.generation2:android-maven-plugin:3.9.0-rc.2:generate-sources (default-generate-sources) on project com.packruler.bitmapcache: 
	at org.apache.maven.lifecycle.internal.MojoExecutor.execute(MojoExecutor.java:216)
	at org.apache.maven.lifecycle.internal.MojoExecutor.execute(MojoExecutor.java:153)
	at org.apache.maven.lifecycle.internal.MojoExecutor.execute(MojoExecutor.java:145)
	at org.apache.maven.lifecycle.internal.LifecycleModuleBuilder.buildProject(LifecycleModuleBuilder.java:108)
	at org.apache.maven.lifecycle.internal.LifecycleModuleBuilder.buildProject(LifecycleModuleBuilder.java:76)
	at org.apache.maven.lifecycle.internal.builder.singlethreaded.SingleThreadedBuilder.build(SingleThreadedBuilder.java:51)
	at org.apache.maven.lifecycle.internal.LifecycleStarter.execute(LifecycleStarter.java:116)
	at org.apache.maven.DefaultMaven.doExecute(DefaultMaven.java:361)
	at org.apache.maven.DefaultMaven.execute(DefaultMaven.java:155)
	at org.apache.maven.cli.MavenCli.execute(MavenCli.java:584)
	at org.apache.maven.cli.MavenCli.doMain(MavenCli.java:213)
	at org.apache.maven.cli.MavenCli.main(MavenCli.java:157)
	at sun.reflect.NativeMethodAccessorImpl.invoke0(Native Method)
	at sun.reflect.NativeMethodAccessorImpl.invoke(NativeMethodAccessorImpl.java:62)
	at sun.reflect.DelegatingMethodAccessorImpl.invoke(DelegatingMethodAccessorImpl.java:43)
	at java.lang.reflect.Method.invoke(Method.java:497)
	at org.codehaus.plexus.classworlds.launcher.Launcher.launchEnhanced(Launcher.java:289)
	at org.codehaus.plexus.classworlds.launcher.Launcher.launch(Launcher.java:229)
	at org.codehaus.plexus.classworlds.launcher.Launcher.mainWithExitCode(Launcher.java:415)
	at org.codehaus.plexus.classworlds.launcher.Launcher.main(Launcher.java:356)
Caused by: org.apache.maven.plugin.MojoExecutionException: 
	at com.jayway.maven.plugins.android.phase01generatesources.GenerateSourcesMojo.generateR(GenerateSourcesMojo.java:745)
	at com.jayway.maven.plugins.android.phase01generatesources.GenerateSourcesMojo.execute(GenerateSourcesMojo.java:278)
	at org.apache.maven.plugin.DefaultBuildPluginManager.executeMojo(DefaultBuildPluginManager.java:133)
	at org.apache.maven.lifecycle.internal.MojoExecutor.execute(MojoExecutor.java:208)
	... 19 more
Caused by: com.jayway.maven.plugins.android.ExecutionException: ANDROID-040-001: Could not execute: Command = /bin/sh -c cd /home/packruler/ZFS_Storage/Android/StudioProjects/BitmapCache/app/src/main && /home/packruler/ZFS_Storage/Android/Sdk/build-tools/23.0.0-preview/aapt package -m -J /home/packruler/ZFS_Storage/Android/StudioProjects/BitmapCache/app/src/main/target/generated-sources/r -f --no-crunch -M /home/packruler/ZFS_Storage/Android/StudioProjects/BitmapCache/app/src/main/AndroidManifest.xml -S /home/packruler/ZFS_Storage/Android/StudioProjects/BitmapCache/app/src/main/res --auto-add-overlay -I /home/packruler/ZFS_Storage/Android/Sdk/platforms/android-19/android.jar --output-text-symbols /home/packruler/ZFS_Storage/Android/StudioProjects/BitmapCache/app/src/main/target, Result = 1
	at com.jayway.maven.plugins.android.CommandExecutor$Factory$DefaultCommandExecutor.executeCommand(CommandExecutor.java:252)
	at com.jayway.maven.plugins.android.phase01generatesources.GenerateSourcesMojo.generateR(GenerateSourcesMojo.java:741)
	... 22 more
[ERROR] 
[ERROR] 
[ERROR] For more information about the errors and possible solutions, please read the following articles:
[ERROR] [Help 1] http://cwiki.apache.org/confluence/display/MAVEN/MojoExecutionException
